  E04-318259655.cpp
C:\Users\luihe\OneDrive\Desktop\CGIHC\P04\P04\Window.h(12,36): warning C4244: 'return': conversión de 'GLint' a 'GLfloat'; posible pérdida de datos
  (compilando archivo de origen "E04-318259655.cpp")
  
C:\Users\luihe\OneDrive\Desktop\CGIHC\P04\P04\Window.h(13,37): warning C4244: 'return': conversión de 'GLint' a 'GLfloat'; posible pérdida de datos
  (compilando archivo de origen "E04-318259655.cpp")
  
C:\Users\luihe\OneDrive\Desktop\CGIHC\P04\P04\E04-318259655.cpp(28,36): warning C4305: 'inicializando': truncamiento de 'double' a 'float'
C:\Users\luihe\OneDrive\Desktop\CGIHC\P04\P04\E04-318259655.cpp(191,16): warning C4018: '<': no coinciden signed/unsigned
C:\Users\luihe\OneDrive\Desktop\CGIHC\P04\P04\E04-318259655.cpp(233,32): warning C4244: 'argumento': conversión de 'double' a '_Ty'; posible pérdida de datos
C:\Users\luihe\OneDrive\Desktop\CGIHC\P04\P04\E04-318259655.cpp(233,32): warning C4244:         with
C:\Users\luihe\OneDrive\Desktop\CGIHC\P04\P04\E04-318259655.cpp(233,32): warning C4244:         [
C:\Users\luihe\OneDrive\Desktop\CGIHC\P04\P04\E04-318259655.cpp(233,32): warning C4244:             _Ty=GLfloat
C:\Users\luihe\OneDrive\Desktop\CGIHC\P04\P04\E04-318259655.cpp(233,32): warning C4244:         ]
C:\Users\luihe\OneDrive\Desktop\CGIHC\P04\P04\E04-318259655.cpp(235,32): warning C4244: 'argumento': conversión de 'double' a '_Ty'; posible pérdida de datos
C:\Users\luihe\OneDrive\Desktop\CGIHC\P04\P04\E04-318259655.cpp(235,32): warning C4244:         with
C:\Users\luihe\OneDrive\Desktop\CGIHC\P04\P04\E04-318259655.cpp(235,32): warning C4244:         [
C:\Users\luihe\OneDrive\Desktop\CGIHC\P04\P04\E04-318259655.cpp(235,32): warning C4244:             _Ty=GLfloat
C:\Users\luihe\OneDrive\Desktop\CGIHC\P04\P04\E04-318259655.cpp(235,32): warning C4244:         ]
C:\Users\luihe\OneDrive\Desktop\CGIHC\P04\P04\E04-318259655.cpp(331,15): warning C4244: 'inicializando': conversión de 'double' a 'GLfloat'; posible pérdida de datos
C:\Users\luihe\OneDrive\Desktop\CGIHC\P04\P04\E04-318259655.cpp(333,33): warning C4244: '+=': conversión de 'double' a 'GLfloat'; posible pérdida de datos
LINK : warning LNK4098: la biblioteca predeterminada'MSVCRT' entra en conflicto con otras bibliotecas; use la biblioteca /NODEFAULTLIB:biblioteca
  P04.vcxproj -> C:\Users\luihe\OneDrive\Desktop\CGIHC\P04\Debug\P04.exe
