c:\users\luihe\onedrive\desktop\cgihc\p05\p05\debug\vc143.pdb
c:\users\luihe\onedrive\desktop\cgihc\p05\p05\debug\vc143.idb
c:\users\luihe\onedrive\desktop\cgihc\p05\p05\debug\window.obj
c:\users\luihe\onedrive\desktop\cgihc\p05\p05\debug\spotlight.obj
c:\users\luihe\onedrive\desktop\cgihc\p05\p05\debug\sphere.obj
c:\users\luihe\onedrive\desktop\cgihc\p05\p05\debug\skybox.obj
c:\users\luihe\onedrive\desktop\cgihc\p05\p05\debug\shader_m.obj
c:\users\luihe\onedrive\desktop\cgihc\p05\p05\debug\pointlight.obj
c:\users\luihe\onedrive\desktop\cgihc\p05\p05\debug\model.obj
c:\users\luihe\onedrive\desktop\cgihc\p05\p05\debug\mesh_tn.obj
c:\users\luihe\onedrive\desktop\cgihc\p05\p05\debug\material.obj
c:\users\luihe\onedrive\desktop\cgihc\p05\p05\debug\light.obj
c:\users\luihe\onedrive\desktop\cgihc\p05\p05\debug\directionallight.obj
c:\users\luihe\onedrive\desktop\cgihc\p05\p05\debug\camera.obj
c:\users\luihe\onedrive\desktop\cgihc\p05\p05\debug\e05-318259655.obj
c:\users\luihe\onedrive\desktop\cgihc\p05\p05\debug\practica5.obj
c:\users\luihe\onedrive\desktop\cgihc\p05\p05\debug\p05.ilk
c:\users\luihe\onedrive\desktop\cgihc\p05\debug\p05.pdb
c:\users\luihe\onedrive\desktop\cgihc\p05\debug\p05.exe
c:\users\luihe\onedrive\desktop\cgihc\p05\p05\debug\p05.tlog\cl.command.1.tlog
c:\users\luihe\onedrive\desktop\cgihc\p05\p05\debug\p05.tlog\cl.items.tlog
c:\users\luihe\onedrive\desktop\cgihc\p05\p05\debug\p05.tlog\cl.read.1.tlog
c:\users\luihe\onedrive\desktop\cgihc\p05\p05\debug\p05.tlog\cl.write.1.tlog
c:\users\luihe\onedrive\desktop\cgihc\p05\p05\debug\p05.tlog\link.command.1.tlog
c:\users\luihe\onedrive\desktop\cgihc\p05\p05\debug\p05.tlog\link.read.1.tlog
c:\users\luihe\onedrive\desktop\cgihc\p05\p05\debug\p05.tlog\link.write.1.tlog
